0 info it worked if it ends with ok
1 verbose cli [ '/usr/local/bin/node', '/usr/local/bin/npm', 'run', 'serve' ]
2 info using npm@3.9.1
3 info using node@v5.3.0
4 verbose run-script [ 'preserve', 'serve', 'postserve' ]
5 info lifecycle @~preserve: @
6 silly lifecycle @~preserve: no script for preserve, continuing
7 info lifecycle @~serve: @
8 verbose lifecycle @~serve: unsafe-perm in lifecycle true
9 verbose lifecycle @~serve: PATH: /usr/local/lib/node_modules/npm/bin/node-gyp-bin:/Users/geoffreydavis/Documents/practice/ui/nav-breadcrumbs/node_modules/.bin:/usr/local/bin:/Users/geoffreydavis/.rvm/gems/ruby-2.2.1/bin:/Users/geoffreydavis/.rvm/gems/ruby-2.2.1@global/bin:/Users/geoffreydavis/.rvm/rubies/ruby-2.2.1/bin:/usr/local/bin:/usr/bin:/bin:/usr/sbin:/sbin:/Users/geoffreydavis/.rvm/bin
10 verbose lifecycle @~serve: CWD: /Users/geoffreydavis/Documents/practice/ui/nav-breadcrumbs
11 silly lifecycle @~serve: Args: [ '-c', 'server js 9001' ]
12 info lifecycle @~serve: Failed to exec serve script
13 verbose stack Error: @ serve: `server js 9001`
13 verbose stack spawn ENOENT
13 verbose stack     at ChildProcess.<anonymous> (/usr/local/lib/node_modules/npm/lib/utils/spawn.js:17:16)
13 verbose stack     at emitTwo (events.js:87:13)
13 verbose stack     at ChildProcess.emit (events.js:172:7)
13 verbose stack     at maybeClose (internal/child_process.js:818:16)
13 verbose stack     at Process.ChildProcess._handle.onexit (internal/child_process.js:211:5)
14 verbose pkgid @
15 verbose cwd /Users/geoffreydavis/Documents/practice/ui/nav-breadcrumbs
16 error Darwin 15.5.0
17 error argv "/usr/local/bin/node" "/usr/local/bin/npm" "run" "serve"
18 error node v5.3.0
19 error npm  v3.9.1
20 error file sh
21 error code ELIFECYCLE
22 error errno ENOENT
23 error syscall spawn
24 error @ serve: `server js 9001`
24 error spawn ENOENT
25 error Failed at the @ serve script 'server js 9001'.
25 error Make sure you have the latest version of node.js and npm installed.
25 error If you do, this is most likely a problem with the  package,
25 error not with npm itself.
25 error Tell the author that this fails on your system:
25 error     server js 9001
25 error You can get information on how to open an issue for this project with:
25 error     npm bugs
25 error Or if that isn't available, you can get their info via:
25 error     npm owner ls
25 error There is likely additional logging output above.
26 verbose exit [ 1, true ]
